checkstart starting...
Smartface transpiler is up and running...
Settings file cannot be found
Settings file cannot be found
Settings file cannot be found
Settings file cannot be found
Settings file cannot be found
Settings file cannot be found
Settings file cannot be found
Settings file cannot be found
Settings file cannot be found
checkstart if in
Config Watcher Event:  add /home/ubuntu/workspace/scripts/settings.json
â”œâ”€ âš™ï¸  â”€â”€â”€â”€â”€â”€â”€â”€â”€â”€â”€â”€â”€â”€â”€â”€â”€â”€â”€â”€â”€â”€â”€â”€â”€â”€ Configuration â”€â”€â”€â”€â”€â”€â”€â”€â”€â”€â”€â”€â”€â”€â”€â”€â”€â”€â”€â”€â”€â”€â”€â”€â”€â”€â”€â”€â”€â”€â”€â”€â”€â”€â”€â”¤
â”œâ”€ âš«  LIBRARY_FILE_NAME     __library__.pgx
â”œâ”€ âš«  LIBRARY_PAGE_NAME     __library__
â”œâ”€ âš«  MODULES_PAGE_NAME     __modules__
â”œâ”€ âš«  MODULES_FILE_NAME     .__modules__.pgx
â”œâ”€ âš«  WORKSPACE_PATH        /home/ubuntu/workspace
â”œâ”€ âš«  PGX_FOLDER            /home/ubuntu/workspace/.ui
â”œâ”€ âš«  UI_FOLDER             /home/ubuntu/workspace/scripts/ui
â”œâ”€ âš«  PAGES_FOLDER          /home/ubuntu/workspace/scripts/pages
â”œâ”€ âš«  LIBRARY_UI_FOLDER     /home/ubuntu/workspace/scripts/node_modules/library
â”œâ”€ âš«  LIBRARY_USER_FOLDER   /home/ubuntu/workspace/scripts/components
â”œâ”€ âš«  THEMES_FOLDER         /home/ubuntu/workspace/themes
â”œâ”€ âš«  THEMES_DIST_FOLDER    /home/ubuntu/workspace/scripts/themes
â”œâ”€
â”œâ”€ ðŸ“¦  Generate Bundle --> --------------- -> defaultTheme.json
â”œâ”€ ðŸ“—  generated Divider.js
â”œâ”€ ðŸ“¦  Generate Bundle --> defaultTheme -> helloTheme.json
â”œâ”€ ðŸ“„  generated ui/ui_claims.js
â”œâ”€ ðŸ“„  generated ui/ui_home.js
â”œâ”€ ðŸ“„  generated ui/ui_info.js
â”œâ”€ ðŸ“„  generated ui/ui_library.js
â”œâ”€ ðŸ“„  generated ui/ui_login.js
â”œâ”€ ðŸ“„  generated ui/ui_my_id.js
â”œâ”€ ðŸ“„  generated ui/ui_provider.js
â”œâ”€ ðŸ“„  generated ui/ui_provider_search.js
â”œâ”€ ðŸ“„  generated ui/ui_providers.js
â”œâ”€ ðŸ“„  generated ui/ui_providers_map.js
â”œâ”€ ðŸ“¦  Generate Bundle --> helloTheme -> orangeTheme.json
Config Watcher Event:  change /home/ubuntu/workspace/scripts/settings.json
Config File did not change
â”œâ”€ ðŸ””  pgx -> change /home/ubuntu/workspace/.ui/claims.pgx
â”œâ”€ ðŸ“„  generated ui/ui_claims.js
â”œâ”€ ðŸ””  pgx -> change /home/ubuntu/workspace/.ui/home.pgx
â”œâ”€ ðŸ””  pgx -> change /home/ubuntu/workspace/.ui/info.pgx
â”œâ”€ ðŸ””  pgx -> change /home/ubuntu/workspace/.ui/library.pgx
â”œâ”€ ðŸ””  pgx -> change /home/ubuntu/workspace/.ui/login.pgx
â”œâ”€ ðŸ””  pgx -> change /home/ubuntu/workspace/.ui/provider.pgx
â”œâ”€ ðŸ””  pgx -> change /home/ubuntu/workspace/.ui/my_id.pgx
â”œâ”€ ðŸ””  pgx -> change /home/ubuntu/workspace/.ui/provider_search.pgx
Config Watcher Event:  change /home/ubuntu/workspace/scripts/settings.json
â”œâ”€ ðŸ“„  generated ui/ui_home.js
â”œâ”€ ðŸ””  pgx -> change /home/ubuntu/workspace/.ui/providers.pgx
â”œâ”€ ðŸ“„  generated ui/ui_info.js
â”œâ”€ ðŸ“„  generated ui/ui_library.js
â”œâ”€ ðŸ“„  generated ui/ui_login.js
â”œâ”€ ðŸ””  pgx -> change /home/ubuntu/workspace/.ui/providers_map.pgx
â”œâ”€ ðŸ“„  generated ui/ui_provider.js
â”œâ”€ âš™ï¸  â”€â”€â”€â”€â”€â”€â”€â”€â”€â”€â”€â”€â”€â”€â”€â”€â”€â”€â”€â”€â”€â”€â”€â”€â”€â”€ Configuration â”€â”€â”€â”€â”€â”€â”€â”€â”€â”€â”€â”€â”€â”€â”€â”€â”€â”€â”€â”€â”€â”€â”€â”€â”€â”€â”€â”€â”€â”€â”€â”€â”€â”€â”€â”¤
â”œâ”€ âš«  LIBRARY_FILE_NAME     __library__.pgx
â”œâ”€ âš«  LIBRARY_PAGE_NAME     __library__
â”œâ”€ âš«  MODULES_PAGE_NAME     __modules__
â”œâ”€ âš«  MODULES_FILE_NAME     .__modules__.pgx
â”œâ”€ âš«  WORKSPACE_PATH        /home/ubuntu/workspace
â”œâ”€ âš«  PGX_FOLDER            /home/ubuntu/workspace/.ui
â”œâ”€ âš«  UI_FOLDER             /home/ubuntu/workspace/scripts/ui
â”œâ”€ âš«  PAGES_FOLDER          /home/ubuntu/workspace/scripts/pages
â”œâ”€ âš«  LIBRARY_UI_FOLDER     /home/ubuntu/workspace/scripts/node_modules/library
â”œâ”€ âš«  LIBRARY_USER_FOLDER   /home/ubuntu/workspace/scripts/components
â”œâ”€ âš«  THEMES_FOLDER         /home/ubuntu/workspace/themes
â”œâ”€ âš«  THEMES_DIST_FOLDER    /home/ubuntu/workspace/scripts/themes
â”œâ”€
â”œâ”€ ðŸ“„  generated ui/ui_my_id.js
â”œâ”€ ðŸ“„  generated ui/ui_provider_search.js
Config Watcher Event:  change /home/ubuntu/workspace/scripts/settings.json
â”œâ”€ ðŸ“—  generated Divider.js
â”œâ”€ ðŸ“„  generated ui/ui_providers.js
â”œâ”€ ðŸ“„  generated ui/ui_providers_map.js
â”œâ”€ ðŸ“„  generated ui/ui_claims.js
â”œâ”€ ðŸ“„  generated ui/ui_library.js
â”œâ”€ ðŸ“„  generated ui/ui_info.js
â”œâ”€ ðŸ“„  generated ui/ui_home.js
â”œâ”€ ðŸ“„  generated ui/ui_login.js
â”œâ”€ ðŸ“„  generated ui/ui_provider.js
â”œâ”€ ðŸ“„  generated ui/ui_my_id.js
â”œâ”€ ðŸ“„  generated ui/ui_provider_search.js
â”œâ”€ ðŸ“„  generated ui/ui_providers_map.js
â”œâ”€ ðŸ“„  generated ui/ui_providers.js
Config File did not change
â”œâ”€ ðŸ“¦  Generate Bundle --> --------------- -> defaultTheme.json
â”œâ”€ ðŸ“¦  Generate Bundle --> defaultTheme -> helloTheme.json
â”œâ”€ ðŸ“—  generated Divider.js
â”œâ”€ ðŸ“„  generated ui/ui_claims.js
â”œâ”€ ðŸ“„  generated ui/ui_home.js
â”œâ”€ ðŸ“„  generated ui/ui_library.js
â”œâ”€ ðŸ“„  generated ui/ui_login.js
â”œâ”€ ðŸ“„  generated ui/ui_my_id.js
â”œâ”€ ðŸ“„  generated ui/ui_info.js
â”œâ”€ ðŸ“„  generated ui/ui_provider.js
â”œâ”€ ðŸ“„  generated ui/ui_provider_search.js
â”œâ”€ ðŸ“¦  Generate Bundle --> helloTheme -> orangeTheme.json
â”œâ”€ ðŸ“„  generated ui/ui_providers.js
â”œâ”€ ðŸ“„  generated ui/ui_providers_map.js
checkstart starting...
checkstart if in
Smartface transpiler is up and running...
Config Watcher Event:  add /home/ubuntu/workspace/scripts/settings.json
â”œâ”€ âš™ï¸  â”€â”€â”€â”€â”€â”€â”€â”€â”€â”€â”€â”€â”€â”€â”€â”€â”€â”€â”€â”€â”€â”€â”€â”€â”€â”€ Configuration â”€â”€â”€â”€â”€â”€â”€â”€â”€â”€â”€â”€â”€â”€â”€â”€â”€â”€â”€â”€â”€â”€â”€â”€â”€â”€â”€â”€â”€â”€â”€â”€â”€â”€â”€â”¤
â”œâ”€ âš«  LIBRARY_FILE_NAME     __library__.pgx
â”œâ”€ âš«  LIBRARY_PAGE_NAME     __library__
â”œâ”€ âš«  MODULES_PAGE_NAME     __modules__
â”œâ”€ âš«  MODULES_FILE_NAME     .__modules__.pgx
â”œâ”€ âš«  WORKSPACE_PATH        /home/ubuntu/workspace
â”œâ”€ âš«  PGX_FOLDER            /home/ubuntu/workspace/.ui
â”œâ”€ âš«  UI_FOLDER             /home/ubuntu/workspace/scripts/ui
â”œâ”€ âš«  PAGES_FOLDER          /home/ubuntu/workspace/scripts/pages
â”œâ”€ âš«  LIBRARY_UI_FOLDER     /home/ubuntu/workspace/scripts/node_modules/library
â”œâ”€ âš«  LIBRARY_USER_FOLDER   /home/ubuntu/workspace/scripts/components
â”œâ”€ âš«  THEMES_FOLDER         /home/ubuntu/workspace/themes
â”œâ”€ âš«  THEMES_DIST_FOLDER    /home/ubuntu/workspace/scripts/themes
â”œâ”€
â”œâ”€ ðŸ“¦  Generate Bundle --> --------------- -> defaultTheme.json
â”œâ”€ ðŸ“—  generated Divider.js
â”œâ”€ ðŸ“¦  Generate Bundle --> defaultTheme -> helloTheme.json
â”œâ”€ ðŸ“„  generated ui/ui_home.js
â”œâ”€ ðŸ“„  generated ui/ui_info.js
â”œâ”€ ðŸ“„  generated ui/ui_login.js
â”œâ”€ ðŸ“„  generated ui/ui_provider.js
â”œâ”€ ðŸ“„  generated ui/ui_my_id.js
â”œâ”€ ðŸ“„  generated ui/ui_claims.js
â”œâ”€ ðŸ“„  generated ui/ui_library.js
â”œâ”€ ðŸ“„  generated ui/ui_provider_search.js
â”œâ”€ ðŸ“„  generated ui/ui_providers.js
â”œâ”€ ðŸ“„  generated ui/ui_providers_map.js
â”œâ”€ ðŸ“¦  Generate Bundle --> helloTheme -> orangeTheme.json
Config Watcher Event:  change /home/ubuntu/workspace/scripts/settings.json
Config File did not change
