0 info it worked if it ends with ok
1 verbose cli [ '/home/ubuntu/.nvm/versions/node/v6.9.2/bin/node',
1 verbose cli   '/home/ubuntu/.nvm/versions/node/v6.9.2/bin/npm',
1 verbose cli   'i' ]
2 info using npm@3.10.9
3 info using node@v6.9.2
4 silly loadCurrentTree Starting
5 silly install loadCurrentTree
6 silly install readLocalPackageData
7 silly install normalizeTree
8 silly loadCurrentTree Finishing
9 silly loadIdealTree Starting
10 silly install loadIdealTree
11 silly cloneCurrentTree Starting
12 silly install cloneCurrentTreeToIdealTree
13 silly cloneCurrentTree Finishing
14 silly loadShrinkwrap Starting
15 silly install loadShrinkwrap
16 silly loadShrinkwrap Finishing
17 silly loadAllDepsIntoIdealTree Starting
18 silly install loadAllDepsIntoIdealTree
19 silly fetchNamedPackageData @smartface/contx
20 silly mapToRegistry name @smartface/contx
21 silly mapToRegistry scope (from package name) @smartface
22 silly mapToRegistry registry https://registry.npmjs.org
23 silly mapToRegistry data Result {
23 silly mapToRegistry   raw: '@smartface/contx',
23 silly mapToRegistry   scope: '@smartface',
23 silly mapToRegistry   escapedName: '@smartface%2fcontx',
23 silly mapToRegistry   name: '@smartface/contx',
23 silly mapToRegistry   rawSpec: '',
23 silly mapToRegistry   spec: 'latest',
23 silly mapToRegistry   type: 'tag' }
24 silly mapToRegistry uri https://registry.npmjs.org/@smartface%2fcontx
25 silly fetchNamedPackageData @smartface/html-to-text
26 silly mapToRegistry name @smartface/html-to-text
27 silly mapToRegistry scope (from package name) @smartface
28 silly mapToRegistry registry https://registry.npmjs.org
29 silly mapToRegistry data Result {
29 silly mapToRegistry   raw: '@smartface/html-to-text',
29 silly mapToRegistry   scope: '@smartface',
29 silly mapToRegistry   escapedName: '@smartface%2fhtml-to-text',
29 silly mapToRegistry   name: '@smartface/html-to-text',
29 silly mapToRegistry   rawSpec: '',
29 silly mapToRegistry   spec: 'latest',
29 silly mapToRegistry   type: 'tag' }
30 silly mapToRegistry uri https://registry.npmjs.org/@smartface%2fhtml-to-text
31 silly fetchNamedPackageData @smartface/styler
32 silly mapToRegistry name @smartface/styler
33 silly mapToRegistry scope (from package name) @smartface
34 silly mapToRegistry registry https://registry.npmjs.org
35 silly mapToRegistry data Result {
35 silly mapToRegistry   raw: '@smartface/styler',
35 silly mapToRegistry   scope: '@smartface',
35 silly mapToRegistry   escapedName: '@smartface%2fstyler',
35 silly mapToRegistry   name: '@smartface/styler',
35 silly mapToRegistry   rawSpec: '',
35 silly mapToRegistry   spec: 'latest',
35 silly mapToRegistry   type: 'tag' }
36 silly mapToRegistry uri https://registry.npmjs.org/@smartface%2fstyler
37 silly fetchNamedPackageData js-base
38 silly mapToRegistry name js-base
39 silly mapToRegistry using default registry
40 silly mapToRegistry registry http://cd.smartface.io/nexus/content/groups/npm-all-public
41 silly mapToRegistry data Result {
41 silly mapToRegistry   raw: 'js-base',
41 silly mapToRegistry   scope: null,
41 silly mapToRegistry   escapedName: 'js-base',
41 silly mapToRegistry   name: 'js-base',
41 silly mapToRegistry   rawSpec: '',
41 silly mapToRegistry   spec: 'latest',
41 silly mapToRegistry   type: 'tag' }
42 silly mapToRegistry uri http://cd.smartface.io/nexus/content/groups/npm-all-public/js-base
43 silly fetchNamedPackageData sf-core
44 silly mapToRegistry name sf-core
45 silly mapToRegistry using default registry
46 silly mapToRegistry registry http://cd.smartface.io/nexus/content/groups/npm-all-public
47 silly mapToRegistry data Result {
47 silly mapToRegistry   raw: 'sf-core',
47 silly mapToRegistry   scope: null,
47 silly mapToRegistry   escapedName: 'sf-core',
47 silly mapToRegistry   name: 'sf-core',
47 silly mapToRegistry   rawSpec: '',
47 silly mapToRegistry   spec: 'latest',
47 silly mapToRegistry   type: 'tag' }
48 silly mapToRegistry uri http://cd.smartface.io/nexus/content/groups/npm-all-public/sf-core
49 silly fetchNamedPackageData sf-extension-amcharts
50 silly mapToRegistry name sf-extension-amcharts
51 silly mapToRegistry using default registry
52 silly mapToRegistry registry http://cd.smartface.io/nexus/content/groups/npm-all-public
53 silly mapToRegistry data Result {
53 silly mapToRegistry   raw: 'sf-extension-amcharts',
53 silly mapToRegistry   scope: null,
53 silly mapToRegistry   escapedName: 'sf-extension-amcharts',
53 silly mapToRegistry   name: 'sf-extension-amcharts',
53 silly mapToRegistry   rawSpec: '',
53 silly mapToRegistry   spec: 'latest',
53 silly mapToRegistry   type: 'tag' }
54 silly mapToRegistry uri http://cd.smartface.io/nexus/content/groups/npm-all-public/sf-extension-amcharts
55 silly fetchNamedPackageData sf-extension-utils
56 silly mapToRegistry name sf-extension-utils
57 silly mapToRegistry using default registry
58 silly mapToRegistry registry http://cd.smartface.io/nexus/content/groups/npm-all-public
59 silly mapToRegistry data Result {
59 silly mapToRegistry   raw: 'sf-extension-utils',
59 silly mapToRegistry   scope: null,
59 silly mapToRegistry   escapedName: 'sf-extension-utils',
59 silly mapToRegistry   name: 'sf-extension-utils',
59 silly mapToRegistry   rawSpec: '',
59 silly mapToRegistry   spec: 'latest',
59 silly mapToRegistry   type: 'tag' }
60 silly mapToRegistry uri http://cd.smartface.io/nexus/content/groups/npm-all-public/sf-extension-utils
61 verbose request uri https://registry.npmjs.org/@smartface%2fcontx
62 verbose request no auth needed
63 info attempt registry request try #1 at 8:29:08 PM
64 verbose request id 83ce8938de5fbd1a
65 verbose etag W/"5ae9827e-1e9c2"
66 verbose lastModified Wed, 2 May 2018 9:18:54 GMT
67 http request GET https://registry.npmjs.org/@smartface%2fcontx
68 verbose request uri https://registry.npmjs.org/@smartface%2fstyler
69 verbose request no auth needed
70 info attempt registry request try #1 at 8:29:08 PM
71 verbose etag W/"5a4b7fe5-13ef6"
72 verbose lastModified Tue, 2 Jan 2018 12:49:41 GMT
73 http request GET https://registry.npmjs.org/@smartface%2fstyler
74 verbose request uri https://registry.npmjs.org/@smartface%2fhtml-to-text
75 verbose request no auth needed
76 info attempt registry request try #1 at 8:29:08 PM
77 verbose etag W/"5ae9b624-63cc"
78 verbose lastModified Wed, 2 May 2018 12:59:16 GMT
79 http request GET https://registry.npmjs.org/@smartface%2fhtml-to-text
80 verbose request uri http://cd.smartface.io/nexus/content/groups/npm-all-public/js-base
81 verbose request no auth needed
82 info attempt registry request try #1 at 8:29:08 PM
83 verbose lastModified Wed, 02 May 2018 20:28:04 GMT
84 http request GET http://cd.smartface.io/nexus/content/groups/npm-all-public/js-base
85 verbose request uri http://cd.smartface.io/nexus/content/groups/npm-all-public/sf-extension-amcharts
86 verbose request no auth needed
87 info attempt registry request try #1 at 8:29:08 PM
88 verbose lastModified Wed, 02 May 2018 20:28:04 GMT
89 http request GET http://cd.smartface.io/nexus/content/groups/npm-all-public/sf-extension-amcharts
90 verbose request uri http://cd.smartface.io/nexus/content/groups/npm-all-public/sf-extension-utils
91 verbose request no auth needed
92 info attempt registry request try #1 at 8:29:08 PM
93 verbose lastModified Wed, 02 May 2018 20:28:04 GMT
94 http request GET http://cd.smartface.io/nexus/content/groups/npm-all-public/sf-extension-utils
95 verbose request uri http://cd.smartface.io/nexus/content/groups/npm-all-public/sf-core
96 verbose request no auth needed
97 info attempt registry request try #1 at 8:29:08 PM
98 verbose lastModified Wed, 02 May 2018 20:28:45 GMT
99 http request GET http://cd.smartface.io/nexus/content/groups/npm-all-public/sf-core
100 http 304 https://registry.npmjs.org/@smartface%2fcontx
101 verbose headers { date: 'Wed, 02 May 2018 20:29:08 GMT',
101 verbose headers   via: '1.1 varnish',
101 verbose headers   'cache-control': 'max-age=0',
101 verbose headers   etag: 'W/"5ae9827e-1e9c2"',
101 verbose headers   age: '39537',
101 verbose headers   connection: 'keep-alive',
101 verbose headers   'x-served-by': 'cache-ams4449-AMS',
101 verbose headers   'x-cache': 'MISS',
101 verbose headers   'x-cache-hits': '0',
101 verbose headers   'x-timer': 'S1525292948.338801,VS0,VE204',
101 verbose headers   vary: 'Accept, Accept-Encoding' }
102 silly get cb [ 304,
102 silly get   { date: 'Wed, 02 May 2018 20:29:08 GMT',
102 silly get     via: '1.1 varnish',
102 silly get     'cache-control': 'max-age=0',
102 silly get     etag: 'W/"5ae9827e-1e9c2"',
102 silly get     age: '39537',
102 silly get     connection: 'keep-alive',
102 silly get     'x-served-by': 'cache-ams4449-AMS',
102 silly get     'x-cache': 'MISS',
102 silly get     'x-cache-hits': '0',
102 silly get     'x-timer': 'S1525292948.338801,VS0,VE204',
102 silly get     vary: 'Accept, Accept-Encoding' } ]
103 verbose etag https://registry.npmjs.org/@smartface%2fcontx from cache
104 verbose get saving @smartface/contx to /home/ubuntu/workspace/.npm/registry.npmjs.org/_40smartface_252fcontx/.cache.json
105 verbose correctMkdir /home/ubuntu/workspace/.npm correctMkdir not in flight; initializing
106 http 304 https://registry.npmjs.org/@smartface%2fstyler
107 verbose headers { date: 'Wed, 02 May 2018 20:29:08 GMT',
107 verbose headers   via: '1.1 varnish',
107 verbose headers   'cache-control': 'max-age=0',
107 verbose headers   etag: 'W/"5a4b7fe5-13ef6"',
107 verbose headers   age: '567513',
107 verbose headers   connection: 'keep-alive',
107 verbose headers   'x-served-by': 'cache-ams4445-AMS',
107 verbose headers   'x-cache': 'MISS',
107 verbose headers   'x-cache-hits': '0',
107 verbose headers   'x-timer': 'S1525292948.344270,VS0,VE199',
107 verbose headers   vary: 'Accept, Accept-Encoding' }
108 silly get cb [ 304,
108 silly get   { date: 'Wed, 02 May 2018 20:29:08 GMT',
108 silly get     via: '1.1 varnish',
108 silly get     'cache-control': 'max-age=0',
108 silly get     etag: 'W/"5a4b7fe5-13ef6"',
108 silly get     age: '567513',
108 silly get     connection: 'keep-alive',
108 silly get     'x-served-by': 'cache-ams4445-AMS',
108 silly get     'x-cache': 'MISS',
108 silly get     'x-cache-hits': '0',
108 silly get     'x-timer': 'S1525292948.344270,VS0,VE199',
108 silly get     vary: 'Accept, Accept-Encoding' } ]
109 verbose etag https://registry.npmjs.org/@smartface%2fstyler from cache
110 verbose get saving @smartface/styler to /home/ubuntu/workspace/.npm/registry.npmjs.org/_40smartface_252fstyler/.cache.json
111 verbose correctMkdir /home/ubuntu/workspace/.npm correctMkdir already in flight; waiting
112 http 200 http://cd.smartface.io/nexus/content/groups/npm-all-public/sf-extension-amcharts
113 verbose headers { 'content-type': 'application/json',
113 verbose headers   'last-modified': 'Wed, 02 May 2018 20:29:08 GMT',
113 verbose headers   'accept-ranges': 'bytes',
113 verbose headers   server: 'Microsoft-IIS/10.0',
113 verbose headers   'x-frame-options': 'SAMEORIGIN',
113 verbose headers   'x-content-type-options': 'nosniff',
113 verbose headers   'x-powered-by': 'ARR/3.0, ASP.NET',
113 verbose headers   date: 'Wed, 02 May 2018 20:29:08 GMT',
113 verbose headers   'content-length': '7010' }
114 silly get cb [ 200,
114 silly get   { 'content-type': 'application/json',
114 silly get     'last-modified': 'Wed, 02 May 2018 20:29:08 GMT',
114 silly get     'accept-ranges': 'bytes',
114 silly get     server: 'Microsoft-IIS/10.0',
114 silly get     'x-frame-options': 'SAMEORIGIN',
114 silly get     'x-content-type-options': 'nosniff',
114 silly get     'x-powered-by': 'ARR/3.0, ASP.NET',
114 silly get     date: 'Wed, 02 May 2018 20:29:08 GMT',
114 silly get     'content-length': '7010' } ]
115 verbose get saving sf-extension-amcharts to /home/ubuntu/workspace/.npm/cd.smartface.io/nexus/content/groups/npm-all-public/sf-extension-amcharts/.cache.json
116 verbose correctMkdir /home/ubuntu/workspace/.npm correctMkdir not in flight; initializing
117 silly resolveWithNewModule @smartface/contx@1.2.0 checking installable status
118 silly cache add args [ '@smartface/contx@^1.2.0', null ]
119 verbose cache add spec @smartface/contx@^1.2.0
120 silly cache add parsed spec Result {
120 silly cache add   raw: '@smartface/contx@^1.2.0',
120 silly cache add   scope: '@smartface',
120 silly cache add   escapedName: '@smartface%2fcontx',
120 silly cache add   name: '@smartface/contx',
120 silly cache add   rawSpec: '^1.2.0',
120 silly cache add   spec: '>=1.2.0 <2.0.0',
120 silly cache add   type: 'range' }
121 silly addNamed @smartface/contx@>=1.2.0 <2.0.0
122 verbose addNamed ">=1.2.0 <2.0.0" is a valid semver range for @smartface/contx
123 silly addNameRange { name: '@smartface/contx',
123 silly addNameRange   range: '>=1.2.0 <2.0.0',
123 silly addNameRange   hasData: false }
124 silly mapToRegistry name @smartface/contx
125 silly mapToRegistry scope (from package name) @smartface
126 silly mapToRegistry registry https://registry.npmjs.org
127 silly mapToRegistry data Result {
127 silly mapToRegistry   raw: '@smartface/contx',
127 silly mapToRegistry   scope: '@smartface',
127 silly mapToRegistry   escapedName: '@smartface%2fcontx',
127 silly mapToRegistry   name: '@smartface/contx',
127 silly mapToRegistry   rawSpec: '',
127 silly mapToRegistry   spec: 'latest',
127 silly mapToRegistry   type: 'tag' }
128 silly mapToRegistry uri https://registry.npmjs.org/@smartface%2fcontx
129 verbose addNameRange registry:https://registry.npmjs.org/@smartface%2fcontx not in flight; fetching
130 silly resolveWithNewModule @smartface/styler@1.3.15 checking installable status
131 silly cache add args [ '@smartface/styler@^1.3.15', null ]
132 verbose cache add spec @smartface/styler@^1.3.15
133 silly cache add parsed spec Result {
133 silly cache add   raw: '@smartface/styler@^1.3.15',
133 silly cache add   scope: '@smartface',
133 silly cache add   escapedName: '@smartface%2fstyler',
133 silly cache add   name: '@smartface/styler',
133 silly cache add   rawSpec: '^1.3.15',
133 silly cache add   spec: '>=1.3.15 <2.0.0',
133 silly cache add   type: 'range' }
134 silly addNamed @smartface/styler@>=1.3.15 <2.0.0
135 verbose addNamed ">=1.3.15 <2.0.0" is a valid semver range for @smartface/styler
136 silly addNameRange { name: '@smartface/styler',
136 silly addNameRange   range: '>=1.3.15 <2.0.0',
136 silly addNameRange   hasData: false }
137 silly mapToRegistry name @smartface/styler
138 silly mapToRegistry scope (from package name) @smartface
139 silly mapToRegistry registry https://registry.npmjs.org
140 silly mapToRegistry data Result {
140 silly mapToRegistry   raw: '@smartface/styler',
140 silly mapToRegistry   scope: '@smartface',
140 silly mapToRegistry   escapedName: '@smartface%2fstyler',
140 silly mapToRegistry   name: '@smartface/styler',
140 silly mapToRegistry   rawSpec: '',
140 silly mapToRegistry   spec: 'latest',
140 silly mapToRegistry   type: 'tag' }
141 silly mapToRegistry uri https://registry.npmjs.org/@smartface%2fstyler
142 verbose addNameRange registry:https://registry.npmjs.org/@smartface%2fstyler not in flight; fetching
143 verbose get https://registry.npmjs.org/@smartface%2fcontx not expired, no request
144 silly addNameRange number 2 { name: '@smartface/contx',
144 silly addNameRange   range: '>=1.2.0 <2.0.0',
144 silly addNameRange   hasData: true }
145 silly addNameRange versions [ '@smartface/contx',
145 silly addNameRange   [ '1.0.0-rc.2',
145 silly addNameRange     '1.0.0-rc.3',
145 silly addNameRange     '1.0.0-rc.4',
145 silly addNameRange     '1.0.0-rc.5',
145 silly addNameRange     '1.0.0-rc.6',
145 silly addNameRange     '1.0.0-rc.7',
145 silly addNameRange     '1.0.0-rc.8',
145 silly addNameRange     '1.0.0-rc.9',
145 silly addNameRange     '1.0.0-rc.10',
145 silly addNameRange     '1.0.0-rc.11',
145 silly addNameRange     '1.0.0-rc.12',
145 silly addNameRange     '1.0.0-rc.13',
145 silly addNameRange     '1.0.0-rc.14',
145 silly addNameRange     '1.0.0-rc.15',
145 silly addNameRange     '1.0.0-rc.16',
145 silly addNameRange     '1.0.0-rc.17',
145 silly addNameRange     '1.0.0-rc.18',
145 silly addNameRange     '1.0.0-rc.19',
145 silly addNameRange     '1.0.0',
145 silly addNameRange     '1.0.1',
145 silly addNameRange     '1.0.2',
145 silly addNameRange     '1.0.3',
145 silly addNameRange     '1.0.4',
145 silly addNameRange     '1.0.5',
145 silly addNameRange     '1.0.6',
145 silly addNameRange     '1.0.7',
145 silly addNameRange     '1.0.8',
145 silly addNameRange     '1.0.9',
145 silly addNameRange     '1.0.10',
145 silly addNameRange     '1.0.11',
145 silly addNameRange     '1.0.12',
145 silly addNameRange     '1.0.13',
145 silly addNameRange     '1.1.0',
145 silly addNameRange     '1.1.1',
145 silly addNameRange     '1.1.2',
145 silly addNameRange     '1.2.0',
145 silly addNameRange     '1.3.0-rc.1',
145 silly addNameRange     '1.3.0-rc.2' ] ]
146 silly addNamed @smartface/contx@1.2.0
147 verbose addNamed "1.2.0" is a plain semver version for @smartface/contx
148 verbose get https://registry.npmjs.org/@smartface%2fstyler not expired, no request
149 silly addNameRange number 2 { name: '@smartface/styler',
149 silly addNameRange   range: '>=1.3.15 <2.0.0',
149 silly addNameRange   hasData: true }
150 silly addNameRange versions [ '@smartface/styler',
150 silly addNameRange   [ '1.0.0-rc.1',
150 silly addNameRange     '1.0.0-rc.3',
150 silly addNameRange     '1.0.0-rc.4',
150 silly addNameRange     '1.0.0-rc.6',
150 silly addNameRange     '1.0.2',
150 silly addNameRange     '1.0.3',
150 silly addNameRange     '1.0.4',
150 silly addNameRange     '1.0.7',
150 silly addNameRange     '1.0.10',
150 silly addNameRange     '1.1.0',
150 silly addNameRange     '1.1.1',
150 silly addNameRange     '1.2.0',
150 silly addNameRange     '1.2.1',
150 silly addNameRange     '1.2.2',
150 silly addNameRange     '1.2.3',
150 silly addNameRange     '1.2.4',
150 silly addNameRange     '1.2.5',
150 silly addNameRange     '1.3.0',
150 silly addNameRange     '1.3.1',
150 silly addNameRange     '1.3.2',
150 silly addNameRange     '1.3.3',
150 silly addNameRange     '1.3.4',
150 silly addNameRange     '1.3.5',
150 silly addNameRange     '1.3.6',
150 silly addNameRange     '1.3.7',
150 silly addNameRange     '1.3.8',
150 silly addNameRange     '1.3.9',
150 silly addNameRange     '1.3.10',
150 silly addNameRange     '1.3.11',
150 silly addNameRange     '1.3.12',
150 silly addNameRange     '1.3.13',
150 silly addNameRange     '1.3.14',
150 silly addNameRange     '1.3.15' ] ]
151 silly addNamed @smartface/styler@1.3.15
152 verbose addNamed "1.3.15" is a plain semver version for @smartface/styler
153 silly cache afterAdd @smartface/contx@1.2.0
154 verbose afterAdd /home/ubuntu/workspace/.npm/@smartface/contx/1.2.0/package/package.json not in flight; writing
155 verbose correctMkdir /home/ubuntu/workspace/.npm correctMkdir not in flight; initializing
156 silly cache afterAdd @smartface/styler@1.3.15
157 verbose afterAdd /home/ubuntu/workspace/.npm/@smartface/styler/1.3.15/package/package.json not in flight; writing
158 verbose correctMkdir /home/ubuntu/workspace/.npm correctMkdir not in flight; initializing
159 silly resolveWithNewModule sf-extension-amcharts@0.2.0 checking installable status
160 silly cache add args [ 'sf-extension-amcharts@^0.2.0', null ]
161 verbose cache add spec sf-extension-amcharts@^0.2.0
162 silly cache add parsed spec Result {
162 silly cache add   raw: 'sf-extension-amcharts@^0.2.0',
162 silly cache add   scope: null,
162 silly cache add   escapedName: 'sf-extension-amcharts',
162 silly cache add   name: 'sf-extension-amcharts',
162 silly cache add   rawSpec: '^0.2.0',
162 silly cache add   spec: '>=0.2.0 <0.3.0',
162 silly cache add   type: 'range' }
163 silly addNamed sf-extension-amcharts@>=0.2.0 <0.3.0
164 verbose addNamed ">=0.2.0 <0.3.0" is a valid semver range for sf-extension-amcharts
165 silly addNameRange { name: 'sf-extension-amcharts',
165 silly addNameRange   range: '>=0.2.0 <0.3.0',
165 silly addNameRange   hasData: false }
166 silly mapToRegistry name sf-extension-amcharts
167 silly mapToRegistry using default registry
168 silly mapToRegistry registry http://cd.smartface.io/nexus/content/groups/npm-all-public
169 silly mapToRegistry data Result {
169 silly mapToRegistry   raw: 'sf-extension-amcharts',
169 silly mapToRegistry   scope: null,
169 silly mapToRegistry   escapedName: 'sf-extension-amcharts',
169 silly mapToRegistry   name: 'sf-extension-amcharts',
169 silly mapToRegistry   rawSpec: '',
169 silly mapToRegistry   spec: 'latest',
169 silly mapToRegistry   type: 'tag' }
170 silly mapToRegistry uri http://cd.smartface.io/nexus/content/groups/npm-all-public/sf-extension-amcharts
171 verbose addNameRange registry:http://cd.smartface.io/nexus/content/groups/npm-all-public/sf-extension-amcharts not in flight; fetching
172 verbose get http://cd.smartface.io/nexus/content/groups/npm-all-public/sf-extension-amcharts not expired, no request
173 silly addNameRange number 2 { name: 'sf-extension-amcharts',
173 silly addNameRange   range: '>=0.2.0 <0.3.0',
173 silly addNameRange   hasData: true }
174 silly addNameRange versions [ 'sf-extension-amcharts', [ '0.1.0', '0.2.0' ] ]
175 silly addNamed sf-extension-amcharts@0.2.0
176 verbose addNamed "0.2.0" is a plain semver version for sf-extension-amcharts
177 silly cache afterAdd sf-extension-amcharts@0.2.0
178 verbose afterAdd /home/ubuntu/workspace/.npm/sf-extension-amcharts/0.2.0/package/package.json not in flight; writing
179 verbose correctMkdir /home/ubuntu/workspace/.npm correctMkdir not in flight; initializing
180 verbose afterAdd /home/ubuntu/workspace/.npm/@smartface/contx/1.2.0/package/package.json written
181 verbose afterAdd /home/ubuntu/workspace/.npm/@smartface/styler/1.3.15/package/package.json written
182 verbose afterAdd /home/ubuntu/workspace/.npm/sf-extension-amcharts/0.2.0/package/package.json written
183 http 200 http://cd.smartface.io/nexus/content/groups/npm-all-public/js-base
184 verbose headers { 'content-type': 'application/json',
184 verbose headers   'last-modified': 'Wed, 02 May 2018 20:29:08 GMT',
184 verbose headers   'accept-ranges': 'bytes',
184 verbose headers   server: 'Microsoft-IIS/10.0',
184 verbose headers   'x-frame-options': 'SAMEORIGIN',
184 verbose headers   'x-content-type-options': 'nosniff',
184 verbose headers   'x-powered-by': 'ARR/3.0, ASP.NET',
184 verbose headers   date: 'Wed, 02 May 2018 20:29:08 GMT',
184 verbose headers   'content-length': '95414' }
185 silly get cb [ 200,
185 silly get   { 'content-type': 'application/json',
185 silly get     'last-modified': 'Wed, 02 May 2018 20:29:08 GMT',
185 silly get     'accept-ranges': 'bytes',
185 silly get     server: 'Microsoft-IIS/10.0',
185 silly get     'x-frame-options': 'SAMEORIGIN',
185 silly get     'x-content-type-options': 'nosniff',
185 silly get     'x-powered-by': 'ARR/3.0, ASP.NET',
185 silly get     date: 'Wed, 02 May 2018 20:29:08 GMT',
185 silly get     'content-length': '95414' } ]
186 verbose get saving js-base to /home/ubuntu/workspace/.npm/cd.smartface.io/nexus/content/groups/npm-all-public/js-base/.cache.json
187 verbose correctMkdir /home/ubuntu/workspace/.npm correctMkdir not in flight; initializing
188 silly resolveWithNewModule js-base@1.0.4 checking installable status
189 silly cache add args [ 'js-base@1.0.4', null ]
190 verbose cache add spec js-base@1.0.4
191 silly cache add parsed spec Result {
191 silly cache add   raw: 'js-base@1.0.4',
191 silly cache add   scope: null,
191 silly cache add   escapedName: 'js-base',
191 silly cache add   name: 'js-base',
191 silly cache add   rawSpec: '1.0.4',
191 silly cache add   spec: '1.0.4',
191 silly cache add   type: 'version' }
192 silly addNamed js-base@1.0.4
193 verbose addNamed "1.0.4" is a plain semver version for js-base
194 silly mapToRegistry name js-base
195 silly mapToRegistry using default registry
196 silly mapToRegistry registry http://cd.smartface.io/nexus/content/groups/npm-all-public
197 silly mapToRegistry data Result {
197 silly mapToRegistry   raw: 'js-base',
197 silly mapToRegistry   scope: null,
197 silly mapToRegistry   escapedName: 'js-base',
197 silly mapToRegistry   name: 'js-base',
197 silly mapToRegistry   rawSpec: '',
197 silly mapToRegistry   spec: 'latest',
197 silly mapToRegistry   type: 'tag' }
198 silly mapToRegistry uri http://cd.smartface.io/nexus/content/groups/npm-all-public/js-base
199 verbose addNameVersion registry:http://cd.smartface.io/nexus/content/groups/npm-all-public/js-base not in flight; fetching
200 verbose get http://cd.smartface.io/nexus/content/groups/npm-all-public/js-base not expired, no request
201 silly cache afterAdd js-base@1.0.4
202 verbose afterAdd /home/ubuntu/workspace/.npm/js-base/1.0.4/package/package.json not in flight; writing
203 verbose correctMkdir /home/ubuntu/workspace/.npm correctMkdir not in flight; initializing
204 verbose afterAdd /home/ubuntu/workspace/.npm/js-base/1.0.4/package/package.json written
205 http 304 https://registry.npmjs.org/@smartface%2fhtml-to-text
206 verbose headers { date: 'Wed, 02 May 2018 20:29:08 GMT',
206 verbose headers   via: '1.1 varnish',
206 verbose headers   'cache-control': 'max-age=0',
206 verbose headers   etag: 'W/"5ae9b624-63cc"',
206 verbose headers   age: '26605',
206 verbose headers   connection: 'keep-alive',
206 verbose headers   'x-served-by': 'cache-ams4126-AMS',
206 verbose headers   'x-cache': 'MISS',
206 verbose headers   'x-cache-hits': '0',
206 verbose headers   'x-timer': 'S1525292948.357042,VS0,VE735',
206 verbose headers   vary: 'Accept, Accept-Encoding' }
207 silly get cb [ 304,
207 silly get   { date: 'Wed, 02 May 2018 20:29:08 GMT',
207 silly get     via: '1.1 varnish',
207 silly get     'cache-control': 'max-age=0',
207 silly get     etag: 'W/"5ae9b624-63cc"',
207 silly get     age: '26605',
207 silly get     connection: 'keep-alive',
207 silly get     'x-served-by': 'cache-ams4126-AMS',
207 silly get     'x-cache': 'MISS',
207 silly get     'x-cache-hits': '0',
207 silly get     'x-timer': 'S1525292948.357042,VS0,VE735',
207 silly get     vary: 'Accept, Accept-Encoding' } ]
208 verbose etag https://registry.npmjs.org/@smartface%2fhtml-to-text from cache
209 verbose get saving @smartface/html-to-text to /home/ubuntu/workspace/.npm/registry.npmjs.org/_40smartface_252fhtml-to-text/.cache.json
210 verbose correctMkdir /home/ubuntu/workspace/.npm correctMkdir not in flight; initializing
211 silly resolveWithNewModule @smartface/html-to-text@1.0.7 checking installable status
212 silly cache add args [ '@smartface/html-to-text@^1.0.7', null ]
213 verbose cache add spec @smartface/html-to-text@^1.0.7
214 silly cache add parsed spec Result {
214 silly cache add   raw: '@smartface/html-to-text@^1.0.7',
214 silly cache add   scope: '@smartface',
214 silly cache add   escapedName: '@smartface%2fhtml-to-text',
214 silly cache add   name: '@smartface/html-to-text',
214 silly cache add   rawSpec: '^1.0.7',
214 silly cache add   spec: '>=1.0.7 <2.0.0',
214 silly cache add   type: 'range' }
215 silly addNamed @smartface/html-to-text@>=1.0.7 <2.0.0
216 verbose addNamed ">=1.0.7 <2.0.0" is a valid semver range for @smartface/html-to-text
217 silly addNameRange { name: '@smartface/html-to-text',
217 silly addNameRange   range: '>=1.0.7 <2.0.0',
217 silly addNameRange   hasData: false }
218 silly mapToRegistry name @smartface/html-to-text
219 silly mapToRegistry scope (from package name) @smartface
220 silly mapToRegistry registry https://registry.npmjs.org
221 silly mapToRegistry data Result {
221 silly mapToRegistry   raw: '@smartface/html-to-text',
221 silly mapToRegistry   scope: '@smartface',
221 silly mapToRegistry   escapedName: '@smartface%2fhtml-to-text',
221 silly mapToRegistry   name: '@smartface/html-to-text',
221 silly mapToRegistry   rawSpec: '',
221 silly mapToRegistry   spec: 'latest',
221 silly mapToRegistry   type: 'tag' }
222 silly mapToRegistry uri https://registry.npmjs.org/@smartface%2fhtml-to-text
223 verbose addNameRange registry:https://registry.npmjs.org/@smartface%2fhtml-to-text not in flight; fetching
224 verbose get https://registry.npmjs.org/@smartface%2fhtml-to-text not expired, no request
225 silly addNameRange number 2 { name: '@smartface/html-to-text',
225 silly addNameRange   range: '>=1.0.7 <2.0.0',
225 silly addNameRange   hasData: true }
226 silly addNameRange versions [ '@smartface/html-to-text',
226 silly addNameRange   [ '1.0.0',
226 silly addNameRange     '1.0.1',
226 silly addNameRange     '1.0.2',
226 silly addNameRange     '1.0.3',
226 silly addNameRange     '1.0.4',
226 silly addNameRange     '1.0.5',
226 silly addNameRange     '1.0.6',
226 silly addNameRange     '1.0.7' ] ]
227 silly addNamed @smartface/html-to-text@1.0.7
228 verbose addNamed "1.0.7" is a plain semver version for @smartface/html-to-text
229 silly cache afterAdd @smartface/html-to-text@1.0.7
230 verbose afterAdd /home/ubuntu/workspace/.npm/@smartface/html-to-text/1.0.7/package/package.json not in flight; writing
231 verbose correctMkdir /home/ubuntu/workspace/.npm correctMkdir not in flight; initializing
232 verbose afterAdd /home/ubuntu/workspace/.npm/@smartface/html-to-text/1.0.7/package/package.json written
233 http 200 http://cd.smartface.io/nexus/content/groups/npm-all-public/sf-core
234 verbose headers { 'content-length': '434073',
234 verbose headers   'content-type': 'application/json',
234 verbose headers   'last-modified': 'Wed, 02 May 2018 20:29:08 GMT',
234 verbose headers   'accept-ranges': 'bytes',
234 verbose headers   server: 'Microsoft-IIS/10.0',
234 verbose headers   'x-frame-options': 'SAMEORIGIN',
234 verbose headers   'x-content-type-options': 'nosniff',
234 verbose headers   'x-powered-by': 'ARR/3.0, ASP.NET',
234 verbose headers   date: 'Wed, 02 May 2018 20:29:08 GMT' }
235 silly get cb [ 200,
235 silly get   { 'content-length': '434073',
235 silly get     'content-type': 'application/json',
235 silly get     'last-modified': 'Wed, 02 May 2018 20:29:08 GMT',
235 silly get     'accept-ranges': 'bytes',
235 silly get     server: 'Microsoft-IIS/10.0',
235 silly get     'x-frame-options': 'SAMEORIGIN',
235 silly get     'x-content-type-options': 'nosniff',
235 silly get     'x-powered-by': 'ARR/3.0, ASP.NET',
235 silly get     date: 'Wed, 02 May 2018 20:29:08 GMT' } ]
236 verbose get saving sf-core to /home/ubuntu/workspace/.npm/cd.smartface.io/nexus/content/groups/npm-all-public/sf-core/.cache.json
237 verbose correctMkdir /home/ubuntu/workspace/.npm correctMkdir not in flight; initializing
238 silly fetchPackageMetaData Error: No compatible version found: sf-core@3.0.0
238 silly fetchPackageMetaData Valid install targets:
238 silly fetchPackageMetaData 3.0.0-beta.4, 3.0.0-beta.3, 3.0.0-beta.2, 3.0.0-beta.1, 3.0.0-beta.0, 2.0.11-beta.9, 2.0.11-beta.8, 2.0.11-beta.7, 2.0.11-beta.6, 2.0.11-beta.5, 2.0.11-beta.4, 2.0.11-beta.3, 2.0.11-beta.2, 2.0.11-beta.1, 2.0.11-beta.0, 2.0.10, 2.0.10-beta.6, 2.0.10-beta.5, 2.0.10-beta.4, 2.0.10-beta.3, 2.0.10-beta.2, 2.0.10-beta.1, 2.0.10-beta.0, 2.0.9, 2.0.9-beta.11, 2.0.9-beta.10, 2.0.9-beta.9, 2.0.9-beta.8, 2.0.9-beta.7, 2.0.9-beta.6, 2.0.9-beta.5, 2.0.9-beta.4, 2.0.9-beta.3, 2.0.9-beta.2, 2.0.9-beta.1, 2.0.9-beta.0, 2.0.8, 2.0.8-beta.8, 2.0.8-beta.7, 2.0.8-beta.6, 2.0.8-beta.5, 2.0.8-beta.4, 2.0.8-beta.3, 2.0.8-beta.2, 2.0.8-beta.1, 2.0.8-beta.0, 2.0.7, 2.0.7-beta.3, 2.0.7-beta.2, 2.0.7-beta.1, 2.0.7-beta.0, 2.0.6, 2.0.6-beta.0, 2.0.5, 2.0.5-beta.0, 2.0.4, 2.0.4-beta.6, 2.0.4-beta.5, 2.0.4-beta.4, 2.0.4-beta.3, 2.0.4-beta.2, 2.0.4-beta.1, 2.0.4-beta.0, 2.0.3, 2.0.3-beta.0, 2.0.2, 2.0.2-beta.5, 2.0.2-beta.4, 2.0.2-beta.3, 2.0.2-beta.2, 2.0.2-beta.1, 2.0.2-beta.0, 2.0.1, 2.0.1-beta.1, 2.0.1-beta.0, 2.0.0, 2.0.0-beta.22, 2.0.0-beta.21, 2.0.0-beta.20, 2.0.0-beta.19, 2.0.0-beta.18, 2.0.0-beta.17, 2.0.0-beta.16, 2.0.0-beta.15, 2.0.0-beta.14, 2.0.0-beta.13, 2.0.0-beta.12, 2.0.0-beta.11, 1.1.18-beta.4, 1.1.18-beta.3, 1.1.18-beta.2, 1.1.18-beta.1, 1.1.18-beta.0, 1.1.17, 1.1.16, 1.1.16-beta.2, 1.1.16-beta.1, 1.1.16-beta.0, 1.1.15, 1.1.15-beta.9, 1.1.15-beta.8, 1.1.15-beta.7, 1.1.15-beta.6, 1.1.15-beta.5, 1.1.15-beta.4, 1.1.15-beta.3, 1.1.15-beta.2, 1.1.15-beta.1, 1.1.15-beta.0, 1.1.14, 1.1.14-beta.0, 1.1.13, 1.1.13-beta.5, 1.1.13-beta.4, 1.1.13-beta.3, 1.1.13-beta.2, 1.1.13-beta.1, 1.1.13-beta.0, 1.1.12, 1.1.12-beta.18, 1.1.12-beta.17, 1.1.12-beta.16, 1.1.12-beta.15, 1.1.12-beta.14, 1.1.12-beta.13, 1.1.12-beta.12, 1.1.12-beta.11, 1.1.12-beta.10, 1.1.12-beta.9, 1.1.12-beta.8, 1.1.12-beta.7, 1.1.12-beta.4, 1.1.12-beta.3, 1.1.12-beta.2, 1.1.12-beta.1, 1.1.12-beta.0, 1.1.11, 1.1.11-beta.0, 1.1.10, 1.1.10-beta.16, 1.1.10-beta.15, 1.1.10-beta.14, 1.1.10-beta.13, 1.1.10-beta.12, 1.1.10-beta.11, 1.1.10-beta.10, 1.1.10-beta.9, 1.1.10-beta.8, 1.1.10-beta.7, 1.1.10-beta.6, 1.1.10-beta.5, 1.1.10-beta.4, 1.1.10-beta.3, 1.1.10-beta.2, 1.1.10-beta.1, 1.1.10-beta.0, 1.1.9, 1.1.9-beta.4, 1.1.9-beta.3, 1.1.9-beta.2, 1.1.9-beta.1, 1.1.9-beta.0, 1.1.8, 1.1.8-beta.6, 1.1.8-beta.5, 1.1.8-beta.4, 1.1.8-beta.3, 1.1.8-beta.2, 1.1.8-beta.1, 1.1.8-beta.0, 1.1.7, 1.1.6, 1.1.5, 1.1.4, 1.1.3, 1.1.2, 1.1.1, 1.0.0
238 silly fetchPackageMetaData
238 silly fetchPackageMetaData     at pickVersionFromRegistryDocument (/home/ubuntu/.nvm/versions/node/v6.9.2/lib/node_modules/npm/lib/fetch-package-metadata.js:178:16)
238 silly fetchPackageMetaData     at /home/ubuntu/.nvm/versions/node/v6.9.2/lib/node_modules/npm/node_modules/iferr/index.js:13:50
238 silly fetchPackageMetaData     at /home/ubuntu/.nvm/versions/node/v6.9.2/lib/node_modules/npm/lib/utils/pulse-till-done.js:20:8
238 silly fetchPackageMetaData     at saved (/home/ubuntu/.nvm/versions/node/v6.9.2/lib/node_modules/npm/lib/cache/caching-client.js:174:7)
238 silly fetchPackageMetaData     at /home/ubuntu/.nvm/versions/node/v6.9.2/lib/node_modules/npm/node_modules/graceful-fs/polyfills.js:241:18
238 silly fetchPackageMetaData     at FSReqWrap.oncomplete (fs.js:123:15)
238 silly fetchPackageMetaData  error for sf-core@3.0.0 { Error: No compatible version found: sf-core@3.0.0
238 silly fetchPackageMetaData Valid install targets:
238 silly fetchPackageMetaData 3.0.0-beta.4, 3.0.0-beta.3, 3.0.0-beta.2, 3.0.0-beta.1, 3.0.0-beta.0, 2.0.11-beta.9, 2.0.11-beta.8, 2.0.11-beta.7, 2.0.11-beta.6, 2.0.11-beta.5, 2.0.11-beta.4, 2.0.11-beta.3, 2.0.11-beta.2, 2.0.11-beta.1, 2.0.11-beta.0, 2.0.10, 2.0.10-beta.6, 2.0.10-beta.5, 2.0.10-beta.4, 2.0.10-beta.3, 2.0.10-beta.2, 2.0.10-beta.1, 2.0.10-beta.0, 2.0.9, 2.0.9-beta.11, 2.0.9-beta.10, 2.0.9-beta.9, 2.0.9-beta.8, 2.0.9-beta.7, 2.0.9-beta.6, 2.0.9-beta.5, 2.0.9-beta.4, 2.0.9-beta.3, 2.0.9-beta.2, 2.0.9-beta.1, 2.0.9-beta.0, 2.0.8, 2.0.8-beta.8, 2.0.8-beta.7, 2.0.8-beta.6, 2.0.8-beta.5, 2.0.8-beta.4, 2.0.8-beta.3, 2.0.8-beta.2, 2.0.8-beta.1, 2.0.8-beta.0, 2.0.7, 2.0.7-beta.3, 2.0.7-beta.2, 2.0.7-beta.1, 2.0.7-beta.0, 2.0.6, 2.0.6-beta.0, 2.0.5, 2.0.5-beta.0, 2.0.4, 2.0.4-beta.6, 2.0.4-beta.5, 2.0.4-beta.4, 2.0.4-beta.3, 2.0.4-beta.2, 2.0.4-beta.1, 2.0.4-beta.0, 2.0.3, 2.0.3-beta.0, 2.0.2, 2.0.2-beta.5, 2.0.2-beta.4, 2.0.2-beta.3, 2.0.2-beta.2, 2.0.2-beta.1, 2.0.2-beta.0, 2.0.1, 2.0.1-beta.1, 2.0.1-beta.0, 2.0.0, 2.0.0-beta.22, 2.0.0-beta.21, 2.0.0-beta.20, 2.0.0-beta.19, 2.0.0-beta.18, 2.0.0-beta.17, 2.0.0-beta.16, 2.0.0-beta.15, 2.0.0-beta.14, 2.0.0-beta.13, 2.0.0-beta.12, 2.0.0-beta.11, 1.1.18-beta.4, 1.1.18-beta.3, 1.1.18-beta.2, 1.1.18-beta.1, 1.1.18-beta.0, 1.1.17, 1.1.16, 1.1.16-beta.2, 1.1.16-beta.1, 1.1.16-beta.0, 1.1.15, 1.1.15-beta.9, 1.1.15-beta.8, 1.1.15-beta.7, 1.1.15-beta.6, 1.1.15-beta.5, 1.1.15-beta.4, 1.1.15-beta.3, 1.1.15-beta.2, 1.1.15-beta.1, 1.1.15-beta.0, 1.1.14, 1.1.14-beta.0, 1.1.13, 1.1.13-beta.5, 1.1.13-beta.4, 1.1.13-beta.3, 1.1.13-beta.2, 1.1.13-beta.1, 1.1.13-beta.0, 1.1.12, 1.1.12-beta.18, 1.1.12-beta.17, 1.1.12-beta.16, 1.1.12-beta.15, 1.1.12-beta.14, 1.1.12-beta.13, 1.1.12-beta.12, 1.1.12-beta.11, 1.1.12-beta.10, 1.1.12-beta.9, 1.1.12-beta.8, 1.1.12-beta.7, 1.1.12-beta.4, 1.1.12-beta.3, 1.1.12-beta.2, 1.1.12-beta.1, 1.1.12-beta.0, 1.1.11, 1.1.11-beta.0, 1.1.10, 1.1.10-beta.16, 1.1.10-beta.15, 1.1.10-beta.14, 1.1.10-beta.13, 1.1.10-beta.12, 1.1.10-beta.11, 1.1.10-beta.10, 1.1.10-beta.9, 1.1.10-beta.8, 1.1.10-beta.7, 1.1.10-beta.6, 1.1.10-beta.5, 1.1.10-beta.4, 1.1.10-beta.3, 1.1.10-beta.2, 1.1.10-beta.1, 1.1.10-beta.0, 1.1.9, 1.1.9-beta.4, 1.1.9-beta.3, 1.1.9-beta.2, 1.1.9-beta.1, 1.1.9-beta.0, 1.1.8, 1.1.8-beta.6, 1.1.8-beta.5, 1.1.8-beta.4, 1.1.8-beta.3, 1.1.8-beta.2, 1.1.8-beta.1, 1.1.8-beta.0, 1.1.7, 1.1.6, 1.1.5, 1.1.4, 1.1.3, 1.1.2, 1.1.1, 1.0.0
238 silly fetchPackageMetaData
238 silly fetchPackageMetaData     at pickVersionFromRegistryDocument (/home/ubuntu/.nvm/versions/node/v6.9.2/lib/node_modules/npm/lib/fetch-package-metadata.js:178:16)
238 silly fetchPackageMetaData     at /home/ubuntu/.nvm/versions/node/v6.9.2/lib/node_modules/npm/node_modules/iferr/index.js:13:50
238 silly fetchPackageMetaData     at /home/ubuntu/.nvm/versions/node/v6.9.2/lib/node_modules/npm/lib/utils/pulse-till-done.js:20:8
238 silly fetchPackageMetaData     at saved (/home/ubuntu/.nvm/versions/node/v6.9.2/lib/node_modules/npm/lib/cache/caching-client.js:174:7)
238 silly fetchPackageMetaData     at /home/ubuntu/.nvm/versions/node/v6.9.2/lib/node_modules/npm/node_modules/graceful-fs/polyfills.js:241:18
238 silly fetchPackageMetaData     at FSReqWrap.oncomplete (fs.js:123:15) code: 'ETARGET' }
239 http 200 http://cd.smartface.io/nexus/content/groups/npm-all-public/sf-extension-utils
240 verbose headers { 'content-type': 'application/json',
240 verbose headers   'last-modified': 'Wed, 02 May 2018 20:29:09 GMT',
240 verbose headers   'accept-ranges': 'bytes',
240 verbose headers   server: 'Microsoft-IIS/10.0',
240 verbose headers   'x-frame-options': 'SAMEORIGIN',
240 verbose headers   'x-content-type-options': 'nosniff',
240 verbose headers   'x-powered-by': 'ARR/3.0, ASP.NET',
240 verbose headers   date: 'Wed, 02 May 2018 20:29:08 GMT',
240 verbose headers   'content-length': '158648' }
241 silly get cb [ 200,
241 silly get   { 'content-type': 'application/json',
241 silly get     'last-modified': 'Wed, 02 May 2018 20:29:09 GMT',
241 silly get     'accept-ranges': 'bytes',
241 silly get     server: 'Microsoft-IIS/10.0',
241 silly get     'x-frame-options': 'SAMEORIGIN',
241 silly get     'x-content-type-options': 'nosniff',
241 silly get     'x-powered-by': 'ARR/3.0, ASP.NET',
241 silly get     date: 'Wed, 02 May 2018 20:29:08 GMT',
241 silly get     'content-length': '158648' } ]
242 verbose get saving sf-extension-utils to /home/ubuntu/workspace/.npm/cd.smartface.io/nexus/content/groups/npm-all-public/sf-extension-utils/.cache.json
243 verbose correctMkdir /home/ubuntu/workspace/.npm correctMkdir not in flight; initializing
244 silly resolveWithNewModule sf-extension-utils@3.9.1 checking installable status
245 silly cache add args [ 'sf-extension-utils@^3.5.0', null ]
246 verbose cache add spec sf-extension-utils@^3.5.0
247 silly cache add parsed spec Result {
247 silly cache add   raw: 'sf-extension-utils@^3.5.0',
247 silly cache add   scope: null,
247 silly cache add   escapedName: 'sf-extension-utils',
247 silly cache add   name: 'sf-extension-utils',
247 silly cache add   rawSpec: '^3.5.0',
247 silly cache add   spec: '>=3.5.0 <4.0.0',
247 silly cache add   type: 'range' }
248 silly addNamed sf-extension-utils@>=3.5.0 <4.0.0
249 verbose addNamed ">=3.5.0 <4.0.0" is a valid semver range for sf-extension-utils
250 silly addNameRange { name: 'sf-extension-utils',
250 silly addNameRange   range: '>=3.5.0 <4.0.0',
250 silly addNameRange   hasData: false }
251 silly mapToRegistry name sf-extension-utils
252 silly mapToRegistry using default registry
253 silly mapToRegistry registry http://cd.smartface.io/nexus/content/groups/npm-all-public
254 silly mapToRegistry data Result {
254 silly mapToRegistry   raw: 'sf-extension-utils',
254 silly mapToRegistry   scope: null,
254 silly mapToRegistry   escapedName: 'sf-extension-utils',
254 silly mapToRegistry   name: 'sf-extension-utils',
254 silly mapToRegistry   rawSpec: '',
254 silly mapToRegistry   spec: 'latest',
254 silly mapToRegistry   type: 'tag' }
255 silly mapToRegistry uri http://cd.smartface.io/nexus/content/groups/npm-all-public/sf-extension-utils
256 verbose addNameRange registry:http://cd.smartface.io/nexus/content/groups/npm-all-public/sf-extension-utils not in flight; fetching
257 verbose get http://cd.smartface.io/nexus/content/groups/npm-all-public/sf-extension-utils not expired, no request
258 silly addNameRange number 2 { name: 'sf-extension-utils',
258 silly addNameRange   range: '>=3.5.0 <4.0.0',
258 silly addNameRange   hasData: true }
259 silly addNameRange versions [ 'sf-extension-utils',
259 silly addNameRange   [ '1.0.0',
259 silly addNameRange     '1.0.1',
259 silly addNameRange     '1.0.2',
259 silly addNameRange     '1.0.3',
259 silly addNameRange     '1.0.4',
259 silly addNameRange     '1.0.5',
259 silly addNameRange     '1.0.6',
259 silly addNameRange     '1.0.7',
259 silly addNameRange     '1.0.8',
259 silly addNameRange     '1.0.9',
259 silly addNameRange     '1.1.0',
259 silly addNameRange     '1.1.1',
259 silly addNameRange     '1.1.2',
259 silly addNameRange     '1.1.3',
259 silly addNameRange     '1.1.4',
259 silly addNameRange     '1.1.5',
259 silly addNameRange     '1.1.6',
259 silly addNameRange     '1.1.7',
259 silly addNameRange     '1.1.8',
259 silly addNameRange     '1.1.9',
259 silly addNameRange     '2.0.0',
259 silly addNameRange     '3.0.0',
259 silly addNameRange     '3.0.1',
259 silly addNameRange     '3.0.2',
259 silly addNameRange     '3.0.3',
259 silly addNameRange     '3.0.4',
259 silly addNameRange     '3.0.5',
259 silly addNameRange     '3.0.6',
259 silly addNameRange     '3.0.7',
259 silly addNameRange     '3.0.8',
259 silly addNameRange     '3.0.9',
259 silly addNameRange     '3.1.0',
259 silly addNameRange     '3.1.1',
259 silly addNameRange     '3.2.0',
259 silly addNameRange     '3.2.1',
259 silly addNameRange     '3.2.2',
259 silly addNameRange     '3.2.3',
259 silly addNameRange     '3.2.4',
259 silly addNameRange     '3.2.5',
259 silly addNameRange     '3.3.0',
259 silly addNameRange     '3.4.0',
259 silly addNameRange     '3.5.0',
259 silly addNameRange     '3.5.1',
259 silly addNameRange     '3.6.0',
259 silly addNameRange     '3.7.0',
259 silly addNameRange     '3.7.1',
259 silly addNameRange     '3.8.0',
259 silly addNameRange     '3.9.0',
259 silly addNameRange     '3.9.1' ] ]
260 silly addNamed sf-extension-utils@3.9.1
261 verbose addNamed "3.9.1" is a plain semver version for sf-extension-utils
262 silly cache afterAdd sf-extension-utils@3.9.1
263 verbose afterAdd /home/ubuntu/workspace/.npm/sf-extension-utils/3.9.1/package/package.json not in flight; writing
264 verbose correctMkdir /home/ubuntu/workspace/.npm correctMkdir not in flight; initializing
265 verbose afterAdd /home/ubuntu/workspace/.npm/sf-extension-utils/3.9.1/package/package.json written
266 silly rollbackFailedOptional Starting
267 silly rollbackFailedOptional Finishing
268 silly runTopLevelLifecycles Finishing
269 silly install printInstalled
270 verbose stack Error: No compatible version found: sf-core@3.0.0
270 verbose stack Valid install targets:
270 verbose stack 3.0.0-beta.4, 3.0.0-beta.3, 3.0.0-beta.2, 3.0.0-beta.1, 3.0.0-beta.0, 2.0.11-beta.9, 2.0.11-beta.8, 2.0.11-beta.7, 2.0.11-beta.6, 2.0.11-beta.5, 2.0.11-beta.4, 2.0.11-beta.3, 2.0.11-beta.2, 2.0.11-beta.1, 2.0.11-beta.0, 2.0.10, 2.0.10-beta.6, 2.0.10-beta.5, 2.0.10-beta.4, 2.0.10-beta.3, 2.0.10-beta.2, 2.0.10-beta.1, 2.0.10-beta.0, 2.0.9, 2.0.9-beta.11, 2.0.9-beta.10, 2.0.9-beta.9, 2.0.9-beta.8, 2.0.9-beta.7, 2.0.9-beta.6, 2.0.9-beta.5, 2.0.9-beta.4, 2.0.9-beta.3, 2.0.9-beta.2, 2.0.9-beta.1, 2.0.9-beta.0, 2.0.8, 2.0.8-beta.8, 2.0.8-beta.7, 2.0.8-beta.6, 2.0.8-beta.5, 2.0.8-beta.4, 2.0.8-beta.3, 2.0.8-beta.2, 2.0.8-beta.1, 2.0.8-beta.0, 2.0.7, 2.0.7-beta.3, 2.0.7-beta.2, 2.0.7-beta.1, 2.0.7-beta.0, 2.0.6, 2.0.6-beta.0, 2.0.5, 2.0.5-beta.0, 2.0.4, 2.0.4-beta.6, 2.0.4-beta.5, 2.0.4-beta.4, 2.0.4-beta.3, 2.0.4-beta.2, 2.0.4-beta.1, 2.0.4-beta.0, 2.0.3, 2.0.3-beta.0, 2.0.2, 2.0.2-beta.5, 2.0.2-beta.4, 2.0.2-beta.3, 2.0.2-beta.2, 2.0.2-beta.1, 2.0.2-beta.0, 2.0.1, 2.0.1-beta.1, 2.0.1-beta.0, 2.0.0, 2.0.0-beta.22, 2.0.0-beta.21, 2.0.0-beta.20, 2.0.0-beta.19, 2.0.0-beta.18, 2.0.0-beta.17, 2.0.0-beta.16, 2.0.0-beta.15, 2.0.0-beta.14, 2.0.0-beta.13, 2.0.0-beta.12, 2.0.0-beta.11, 1.1.18-beta.4, 1.1.18-beta.3, 1.1.18-beta.2, 1.1.18-beta.1, 1.1.18-beta.0, 1.1.17, 1.1.16, 1.1.16-beta.2, 1.1.16-beta.1, 1.1.16-beta.0, 1.1.15, 1.1.15-beta.9, 1.1.15-beta.8, 1.1.15-beta.7, 1.1.15-beta.6, 1.1.15-beta.5, 1.1.15-beta.4, 1.1.15-beta.3, 1.1.15-beta.2, 1.1.15-beta.1, 1.1.15-beta.0, 1.1.14, 1.1.14-beta.0, 1.1.13, 1.1.13-beta.5, 1.1.13-beta.4, 1.1.13-beta.3, 1.1.13-beta.2, 1.1.13-beta.1, 1.1.13-beta.0, 1.1.12, 1.1.12-beta.18, 1.1.12-beta.17, 1.1.12-beta.16, 1.1.12-beta.15, 1.1.12-beta.14, 1.1.12-beta.13, 1.1.12-beta.12, 1.1.12-beta.11, 1.1.12-beta.10, 1.1.12-beta.9, 1.1.12-beta.8, 1.1.12-beta.7, 1.1.12-beta.4, 1.1.12-beta.3, 1.1.12-beta.2, 1.1.12-beta.1, 1.1.12-beta.0, 1.1.11, 1.1.11-beta.0, 1.1.10, 1.1.10-beta.16, 1.1.10-beta.15, 1.1.10-beta.14, 1.1.10-beta.13, 1.1.10-beta.12, 1.1.10-beta.11, 1.1.10-beta.10, 1.1.10-beta.9, 1.1.10-beta.8, 1.1.10-beta.7, 1.1.10-beta.6, 1.1.10-beta.5, 1.1.10-beta.4, 1.1.10-beta.3, 1.1.10-beta.2, 1.1.10-beta.1, 1.1.10-beta.0, 1.1.9, 1.1.9-beta.4, 1.1.9-beta.3, 1.1.9-beta.2, 1.1.9-beta.1, 1.1.9-beta.0, 1.1.8, 1.1.8-beta.6, 1.1.8-beta.5, 1.1.8-beta.4, 1.1.8-beta.3, 1.1.8-beta.2, 1.1.8-beta.1, 1.1.8-beta.0, 1.1.7, 1.1.6, 1.1.5, 1.1.4, 1.1.3, 1.1.2, 1.1.1, 1.0.0
270 verbose stack
270 verbose stack     at pickVersionFromRegistryDocument (/home/ubuntu/.nvm/versions/node/v6.9.2/lib/node_modules/npm/lib/fetch-package-metadata.js:178:16)
270 verbose stack     at /home/ubuntu/.nvm/versions/node/v6.9.2/lib/node_modules/npm/node_modules/iferr/index.js:13:50
270 verbose stack     at /home/ubuntu/.nvm/versions/node/v6.9.2/lib/node_modules/npm/lib/utils/pulse-till-done.js:20:8
270 verbose stack     at saved (/home/ubuntu/.nvm/versions/node/v6.9.2/lib/node_modules/npm/lib/cache/caching-client.js:174:7)
270 verbose stack     at /home/ubuntu/.nvm/versions/node/v6.9.2/lib/node_modules/npm/node_modules/graceful-fs/polyfills.js:241:18
270 verbose stack     at FSReqWrap.oncomplete (fs.js:123:15)
271 verbose cwd /home/ubuntu/workspace/scripts
272 error Linux 4.4.0-75-generic
273 error argv "/home/ubuntu/.nvm/versions/node/v6.9.2/bin/node" "/home/ubuntu/.nvm/versions/node/v6.9.2/bin/npm" "i"
274 error node v6.9.2
275 error npm  v3.10.9
276 error code ETARGET
277 error notarget No compatible version found: sf-core@3.0.0
277 error notarget Valid install targets:
277 error notarget 3.0.0-beta.4, 3.0.0-beta.3, 3.0.0-beta.2, 3.0.0-beta.1, 3.0.0-beta.0, 2.0.11-beta.9, 2.0.11-beta.8, 2.0.11-beta.7, 2.0.11-beta.6, 2.0.11-beta.5, 2.0.11-beta.4, 2.0.11-beta.3, 2.0.11-beta.2, 2.0.11-beta.1, 2.0.11-beta.0, 2.0.10, 2.0.10-beta.6, 2.0.10-beta.5, 2.0.10-beta.4, 2.0.10-beta.3, 2.0.10-beta.2, 2.0.10-beta.1, 2.0.10-beta.0, 2.0.9, 2.0.9-beta.11, 2.0.9-beta.10, 2.0.9-beta.9, 2.0.9-beta.8, 2.0.9-beta.7, 2.0.9-beta.6, 2.0.9-beta.5, 2.0.9-beta.4, 2.0.9-beta.3, 2.0.9-beta.2, 2.0.9-beta.1, 2.0.9-beta.0, 2.0.8, 2.0.8-beta.8, 2.0.8-beta.7, 2.0.8-beta.6, 2.0.8-beta.5, 2.0.8-beta.4, 2.0.8-beta.3, 2.0.8-beta.2, 2.0.8-beta.1, 2.0.8-beta.0, 2.0.7, 2.0.7-beta.3, 2.0.7-beta.2, 2.0.7-beta.1, 2.0.7-beta.0, 2.0.6, 2.0.6-beta.0, 2.0.5, 2.0.5-beta.0, 2.0.4, 2.0.4-beta.6, 2.0.4-beta.5, 2.0.4-beta.4, 2.0.4-beta.3, 2.0.4-beta.2, 2.0.4-beta.1, 2.0.4-beta.0, 2.0.3, 2.0.3-beta.0, 2.0.2, 2.0.2-beta.5, 2.0.2-beta.4, 2.0.2-beta.3, 2.0.2-beta.2, 2.0.2-beta.1, 2.0.2-beta.0, 2.0.1, 2.0.1-beta.1, 2.0.1-beta.0, 2.0.0, 2.0.0-beta.22, 2.0.0-beta.21, 2.0.0-beta.20, 2.0.0-beta.19, 2.0.0-beta.18, 2.0.0-beta.17, 2.0.0-beta.16, 2.0.0-beta.15, 2.0.0-beta.14, 2.0.0-beta.13, 2.0.0-beta.12, 2.0.0-beta.11, 1.1.18-beta.4, 1.1.18-beta.3, 1.1.18-beta.2, 1.1.18-beta.1, 1.1.18-beta.0, 1.1.17, 1.1.16, 1.1.16-beta.2, 1.1.16-beta.1, 1.1.16-beta.0, 1.1.15, 1.1.15-beta.9, 1.1.15-beta.8, 1.1.15-beta.7, 1.1.15-beta.6, 1.1.15-beta.5, 1.1.15-beta.4, 1.1.15-beta.3, 1.1.15-beta.2, 1.1.15-beta.1, 1.1.15-beta.0, 1.1.14, 1.1.14-beta.0, 1.1.13, 1.1.13-beta.5, 1.1.13-beta.4, 1.1.13-beta.3, 1.1.13-beta.2, 1.1.13-beta.1, 1.1.13-beta.0, 1.1.12, 1.1.12-beta.18, 1.1.12-beta.17, 1.1.12-beta.16, 1.1.12-beta.15, 1.1.12-beta.14, 1.1.12-beta.13, 1.1.12-beta.12, 1.1.12-beta.11, 1.1.12-beta.10, 1.1.12-beta.9, 1.1.12-beta.8, 1.1.12-beta.7, 1.1.12-beta.4, 1.1.12-beta.3, 1.1.12-beta.2, 1.1.12-beta.1, 1.1.12-beta.0, 1.1.11, 1.1.11-beta.0, 1.1.10, 1.1.10-beta.16, 1.1.10-beta.15, 1.1.10-beta.14, 1.1.10-beta.13, 1.1.10-beta.12, 1.1.10-beta.11, 1.1.10-beta.10, 1.1.10-beta.9, 1.1.10-beta.8, 1.1.10-beta.7, 1.1.10-beta.6, 1.1.10-beta.5, 1.1.10-beta.4, 1.1.10-beta.3, 1.1.10-beta.2, 1.1.10-beta.1, 1.1.10-beta.0, 1.1.9, 1.1.9-beta.4, 1.1.9-beta.3, 1.1.9-beta.2, 1.1.9-beta.1, 1.1.9-beta.0, 1.1.8, 1.1.8-beta.6, 1.1.8-beta.5, 1.1.8-beta.4, 1.1.8-beta.3, 1.1.8-beta.2, 1.1.8-beta.1, 1.1.8-beta.0, 1.1.7, 1.1.6, 1.1.5, 1.1.4, 1.1.3, 1.1.2, 1.1.1, 1.0.0
278 error notarget This is most likely not a problem with npm itself.
278 error notarget In most cases you or one of your dependencies are requesting
278 error notarget a package version that doesn't exist.
279 verbose exit [ 1, true ]
